c:\users\xy\documents\visual studio 2013\projects\kamastl\kamastl\debug\vc120.pdb
c:\users\xy\documents\visual studio 2013\projects\kamastl\kamastl\debug\vc120.idb
c:\users\xy\documents\visual studio 2013\projects\kamastl\kamastl\debug\lconfig5.obj
c:\users\xy\documents\visual studio 2013\projects\kamastl\kamastl\debug\lconfig6.obj
c:\users\xy\documents\visual studio 2013\projects\kamastl\kamastl\debug\lconfig10.obj
c:\users\xy\documents\visual studio 2013\projects\kamastl\kamastl\debug\lconfig8.obj
c:\users\xy\documents\visual studio 2013\projects\kamastl\kamastl\debug\lconfig11.obj
c:\users\xy\documents\visual studio 2013\projects\kamastl\kamastl\debug\lconfig-null-template-arguments.obj
c:\users\xy\documents\visual studio 2013\projects\kamastl\kamastl\debug\lconfig-template-exp-special.obj
c:\users\xy\documents\visual studio 2013\projects\kamastl\kamastl\debug\lconfig-temporary-object.obj
c:\users\xy\documents\visual studio 2013\projects\kamastl\kamastl\debug\lconfig-operator-overloading.obj
c:\users\xy\documents\visual studio 2013\projects\kamastl\kamastl\debug\lfunctor.obj
c:\users\xy\documents\visual studio 2013\projects\kamastl\kamastl\debug\kamaalloc.obj
c:\users\xy\documents\visual studio 2013\projects\kamastl\debug\kamastl.ilk
c:\users\xy\documents\visual studio 2013\projects\kamastl\debug\kamastl.exe
c:\users\xy\documents\visual studio 2013\projects\kamastl\debug\kamastl.pdb
c:\users\xy\documents\visual studio 2013\projects\kamastl\kamastl\debug\kamastl.tlog\cl.command.1.tlog
c:\users\xy\documents\visual studio 2013\projects\kamastl\kamastl\debug\kamastl.tlog\cl.read.1.tlog
c:\users\xy\documents\visual studio 2013\projects\kamastl\kamastl\debug\kamastl.tlog\cl.write.1.tlog
c:\users\xy\documents\visual studio 2013\projects\kamastl\kamastl\debug\kamastl.tlog\link.command.1.tlog
c:\users\xy\documents\visual studio 2013\projects\kamastl\kamastl\debug\kamastl.tlog\link.read.1.tlog
c:\users\xy\documents\visual studio 2013\projects\kamastl\kamastl\debug\kamastl.tlog\link.write.1.tlog
